{"/Users/jevforsberg/Coding/Turing/mod_4/kouleur/kouleur-api/app.js": {"path":"/Users/jevforsberg/Coding/Turing/mod_4/kouleur/kouleur-api/app.js","statementMap":{"0":{"start":{"line":1,"column":16},"end":{"line":1,"column":34}},"1":{"start":{"line":2,"column":12},"end":{"line":2,"column":21}},"2":{"start":{"line":3,"column":20},"end":{"line":3,"column":57}},"3":{"start":{"line":4,"column":22},"end":{"line":4,"column":56}},"4":{"start":{"line":5,"column":17},"end":{"line":5,"column":47}},"5":{"start":{"line":6,"column":19},"end":{"line":6,"column":41}},"6":{"start":{"line":7,"column":13},"end":{"line":7,"column":28}},"7":{"start":{"line":9,"column":0},"end":{"line":9,"column":29}},"8":{"start":{"line":11,"column":0},"end":{"line":11,"column":24}},"9":{"start":{"line":12,"column":0},"end":{"line":12,"column":27}},"10":{"start":{"line":13,"column":0},"end":{"line":13,"column":16}},"11":{"start":{"line":15,"column":0},"end":{"line":22,"column":3}},"12":{"start":{"line":16,"column":2},"end":{"line":21,"column":6}},"13":{"start":{"line":18,"column":22},"end":{"line":18,"column":52}},"14":{"start":{"line":20,"column":6},"end":{"line":20,"column":78}},"15":{"start":{"line":24,"column":0},"end":{"line":39,"column":3}},"16":{"start":{"line":25,"column":17},"end":{"line":25,"column":27}},"17":{"start":{"line":26,"column":2},"end":{"line":38,"column":6}},"18":{"start":{"line":30,"column":6},"end":{"line":32,"column":74}},"19":{"start":{"line":35,"column":6},"end":{"line":37,"column":69}},"20":{"start":{"line":41,"column":0},"end":{"line":56,"column":3}},"21":{"start":{"line":42,"column":17},"end":{"line":42,"column":27}},"22":{"start":{"line":43,"column":2},"end":{"line":55,"column":6}},"23":{"start":{"line":47,"column":6},"end":{"line":51,"column":77}},"24":{"start":{"line":54,"column":6},"end":{"line":54,"column":78}},"25":{"start":{"line":58,"column":0},"end":{"line":81,"column":3}},"26":{"start":{"line":59,"column":16},"end":{"line":59,"column":29}},"27":{"start":{"line":60,"column":2},"end":{"line":64,"column":3}},"28":{"start":{"line":61,"column":4},"end":{"line":63,"column":56}},"29":{"start":{"line":63,"column":24},"end":{"line":63,"column":54}},"30":{"start":{"line":65,"column":2},"end":{"line":80,"column":6}},"31":{"start":{"line":67,"column":6},"end":{"line":71,"column":35}},"32":{"start":{"line":74,"column":6},"end":{"line":76,"column":74}},"33":{"start":{"line":79,"column":6},"end":{"line":79,"column":78}},"34":{"start":{"line":83,"column":0},"end":{"line":99,"column":3}},"35":{"start":{"line":84,"column":21},"end":{"line":84,"column":41}},"36":{"start":{"line":85,"column":2},"end":{"line":98,"column":3}},"37":{"start":{"line":86,"column":4},"end":{"line":95,"column":5}},"38":{"start":{"line":87,"column":17},"end":{"line":87,"column":68}},"39":{"start":{"line":88,"column":6},"end":{"line":88,"column":39}},"40":{"start":{"line":90,"column":6},"end":{"line":94,"column":10}},"41":{"start":{"line":97,"column":4},"end":{"line":97,"column":41}},"42":{"start":{"line":101,"column":0},"end":{"line":125,"column":3}},"43":{"start":{"line":102,"column":21},"end":{"line":102,"column":41}},"44":{"start":{"line":103,"column":2},"end":{"line":124,"column":3}},"45":{"start":{"line":104,"column":4},"end":{"line":119,"column":5}},"46":{"start":{"line":113,"column":6},"end":{"line":118,"column":7}},"47":{"start":{"line":114,"column":8},"end":{"line":117,"column":11}},"48":{"start":{"line":120,"column":15},"end":{"line":120,"column":66}},"49":{"start":{"line":121,"column":4},"end":{"line":121,"column":45}},"50":{"start":{"line":123,"column":4},"end":{"line":123,"column":41}},"51":{"start":{"line":127,"column":0},"end":{"line":141,"column":3}},"52":{"start":{"line":128,"column":17},"end":{"line":128,"column":27}},"53":{"start":{"line":129,"column":2},"end":{"line":140,"column":3}},"54":{"start":{"line":130,"column":26},"end":{"line":132,"column":12}},"55":{"start":{"line":133,"column":4},"end":{"line":137,"column":5}},"56":{"start":{"line":134,"column":6},"end":{"line":134,"column":49}},"57":{"start":{"line":136,"column":6},"end":{"line":136,"column":58}},"58":{"start":{"line":139,"column":4},"end":{"line":139,"column":36}},"59":{"start":{"line":143,"column":0},"end":{"line":160,"column":3}},"60":{"start":{"line":144,"column":17},"end":{"line":144,"column":27}},"61":{"start":{"line":145,"column":2},"end":{"line":159,"column":3}},"62":{"start":{"line":146,"column":4},"end":{"line":148,"column":13}},"63":{"start":{"line":149,"column":29},"end":{"line":151,"column":12}},"64":{"start":{"line":152,"column":4},"end":{"line":156,"column":5}},"65":{"start":{"line":153,"column":6},"end":{"line":153,"column":49}},"66":{"start":{"line":155,"column":6},"end":{"line":155,"column":58}},"67":{"start":{"line":158,"column":4},"end":{"line":158,"column":36}},"68":{"start":{"line":162,"column":0},"end":{"line":188,"column":3}},"69":{"start":{"line":163,"column":17},"end":{"line":163,"column":27}},"70":{"start":{"line":164,"column":18},"end":{"line":164,"column":26}},"71":{"start":{"line":165,"column":2},"end":{"line":187,"column":3}},"72":{"start":{"line":166,"column":4},"end":{"line":180,"column":5}},"73":{"start":{"line":174,"column":6},"end":{"line":179,"column":7}},"74":{"start":{"line":175,"column":8},"end":{"line":178,"column":11}},"75":{"start":{"line":181,"column":4},"end":{"line":183,"column":30}},"76":{"start":{"line":184,"column":4},"end":{"line":184,"column":44}},"77":{"start":{"line":186,"column":4},"end":{"line":186,"column":36}},"78":{"start":{"line":190,"column":0},"end":{"line":206,"column":3}},"79":{"start":{"line":191,"column":17},"end":{"line":191,"column":27}},"80":{"start":{"line":192,"column":27},"end":{"line":192,"column":35}},"81":{"start":{"line":193,"column":2},"end":{"line":205,"column":3}},"82":{"start":{"line":194,"column":4},"end":{"line":198,"column":5}},"83":{"start":{"line":195,"column":6},"end":{"line":197,"column":79}},"84":{"start":{"line":199,"column":4},"end":{"line":201,"column":32}},"85":{"start":{"line":202,"column":4},"end":{"line":202,"column":44}},"86":{"start":{"line":204,"column":4},"end":{"line":204,"column":36}},"87":{"start":{"line":208,"column":0},"end":{"line":208,"column":21}}},"fnMap":{"0":{"name":"(anonymous_0)","decl":{"start":{"line":15,"column":28},"end":{"line":15,"column":29}},"loc":{"start":{"line":15,"column":42},"end":{"line":22,"column":1}},"line":15},"1":{"name":"(anonymous_1)","decl":{"start":{"line":18,"column":10},"end":{"line":18,"column":11}},"loc":{"start":{"line":18,"column":22},"end":{"line":18,"column":52}},"line":18},"2":{"name":"(anonymous_2)","decl":{"start":{"line":19,"column":11},"end":{"line":19,"column":12}},"loc":{"start":{"line":20,"column":6},"end":{"line":20,"column":78}},"line":20},"3":{"name":"(anonymous_3)","decl":{"start":{"line":24,"column":32},"end":{"line":24,"column":33}},"loc":{"start":{"line":24,"column":46},"end":{"line":39,"column":1}},"line":24},"4":{"name":"(anonymous_4)","decl":{"start":{"line":29,"column":10},"end":{"line":29,"column":11}},"loc":{"start":{"line":29,"column":21},"end":{"line":33,"column":5}},"line":29},"5":{"name":"(anonymous_5)","decl":{"start":{"line":34,"column":11},"end":{"line":34,"column":12}},"loc":{"start":{"line":35,"column":6},"end":{"line":37,"column":69}},"line":35},"6":{"name":"(anonymous_6)","decl":{"start":{"line":41,"column":41},"end":{"line":41,"column":42}},"loc":{"start":{"line":41,"column":55},"end":{"line":56,"column":1}},"line":41},"7":{"name":"(anonymous_7)","decl":{"start":{"line":46,"column":10},"end":{"line":46,"column":11}},"loc":{"start":{"line":46,"column":22},"end":{"line":52,"column":5}},"line":46},"8":{"name":"(anonymous_8)","decl":{"start":{"line":53,"column":11},"end":{"line":53,"column":12}},"loc":{"start":{"line":54,"column":6},"end":{"line":54,"column":78}},"line":54},"9":{"name":"(anonymous_9)","decl":{"start":{"line":58,"column":35},"end":{"line":58,"column":36}},"loc":{"start":{"line":58,"column":49},"end":{"line":81,"column":1}},"line":58},"10":{"name":"(anonymous_10)","decl":{"start":{"line":63,"column":12},"end":{"line":63,"column":13}},"loc":{"start":{"line":63,"column":24},"end":{"line":63,"column":54}},"line":63},"11":{"name":"(anonymous_11)","decl":{"start":{"line":66,"column":11},"end":{"line":66,"column":12}},"loc":{"start":{"line":66,"column":22},"end":{"line":72,"column":5}},"line":66},"12":{"name":"(anonymous_12)","decl":{"start":{"line":73,"column":10},"end":{"line":73,"column":11}},"loc":{"start":{"line":73,"column":22},"end":{"line":77,"column":5}},"line":73},"13":{"name":"(anonymous_13)","decl":{"start":{"line":78,"column":11},"end":{"line":78,"column":12}},"loc":{"start":{"line":79,"column":6},"end":{"line":79,"column":78}},"line":79},"14":{"name":"(anonymous_14)","decl":{"start":{"line":83,"column":29},"end":{"line":83,"column":30}},"loc":{"start":{"line":83,"column":58},"end":{"line":99,"column":1}},"line":83},"15":{"name":"(anonymous_15)","decl":{"start":{"line":101,"column":29},"end":{"line":101,"column":30}},"loc":{"start":{"line":101,"column":58},"end":{"line":125,"column":1}},"line":101},"16":{"name":"(anonymous_16)","decl":{"start":{"line":127,"column":35},"end":{"line":127,"column":36}},"loc":{"start":{"line":127,"column":55},"end":{"line":141,"column":1}},"line":127},"17":{"name":"(anonymous_17)","decl":{"start":{"line":143,"column":35},"end":{"line":143,"column":36}},"loc":{"start":{"line":143,"column":55},"end":{"line":160,"column":1}},"line":143},"18":{"name":"(anonymous_18)","decl":{"start":{"line":162,"column":34},"end":{"line":162,"column":35}},"loc":{"start":{"line":162,"column":54},"end":{"line":188,"column":1}},"line":162},"19":{"name":"(anonymous_19)","decl":{"start":{"line":190,"column":34},"end":{"line":190,"column":35}},"loc":{"start":{"line":190,"column":54},"end":{"line":206,"column":1}},"line":190}},"branchMap":{"0":{"loc":{"start":{"line":3,"column":20},"end":{"line":3,"column":57}},"type":"binary-expr","locations":[{"start":{"line":3,"column":20},"end":{"line":3,"column":40}},{"start":{"line":3,"column":44},"end":{"line":3,"column":57}}],"line":3},"1":{"loc":{"start":{"line":30,"column":6},"end":{"line":32,"column":73}},"type":"cond-expr","locations":[{"start":{"line":31,"column":10},"end":{"line":31,"column":39}},{"start":{"line":32,"column":10},"end":{"line":32,"column":73}}],"line":30},"2":{"loc":{"start":{"line":47,"column":6},"end":{"line":51,"column":76}},"type":"cond-expr","locations":[{"start":{"line":48,"column":10},"end":{"line":48,"column":40}},{"start":{"line":49,"column":10},"end":{"line":51,"column":76}}],"line":47},"3":{"loc":{"start":{"line":60,"column":2},"end":{"line":64,"column":3}},"type":"if","locations":[{"start":{"line":60,"column":2},"end":{"line":64,"column":3}},{"start":{"line":60,"column":2},"end":{"line":64,"column":3}}],"line":60},"4":{"loc":{"start":{"line":74,"column":6},"end":{"line":76,"column":73}},"type":"cond-expr","locations":[{"start":{"line":75,"column":10},"end":{"line":75,"column":40}},{"start":{"line":76,"column":10},"end":{"line":76,"column":73}}],"line":74},"5":{"loc":{"start":{"line":86,"column":4},"end":{"line":95,"column":5}},"type":"if","locations":[{"start":{"line":86,"column":4},"end":{"line":95,"column":5}},{"start":{"line":86,"column":4},"end":{"line":95,"column":5}}],"line":86},"6":{"loc":{"start":{"line":113,"column":6},"end":{"line":118,"column":7}},"type":"if","locations":[{"start":{"line":113,"column":6},"end":{"line":118,"column":7}},{"start":{"line":113,"column":6},"end":{"line":118,"column":7}}],"line":113},"7":{"loc":{"start":{"line":133,"column":4},"end":{"line":137,"column":5}},"type":"if","locations":[{"start":{"line":133,"column":4},"end":{"line":137,"column":5}},{"start":{"line":133,"column":4},"end":{"line":137,"column":5}}],"line":133},"8":{"loc":{"start":{"line":152,"column":4},"end":{"line":156,"column":5}},"type":"if","locations":[{"start":{"line":152,"column":4},"end":{"line":156,"column":5}},{"start":{"line":152,"column":4},"end":{"line":156,"column":5}}],"line":152},"9":{"loc":{"start":{"line":174,"column":6},"end":{"line":179,"column":7}},"type":"if","locations":[{"start":{"line":174,"column":6},"end":{"line":179,"column":7}},{"start":{"line":174,"column":6},"end":{"line":179,"column":7}}],"line":174},"10":{"loc":{"start":{"line":194,"column":4},"end":{"line":198,"column":5}},"type":"if","locations":[{"start":{"line":194,"column":4},"end":{"line":198,"column":5}},{"start":{"line":194,"column":4},"end":{"line":198,"column":5}}],"line":194}},"s":{"0":1,"1":1,"2":1,"3":1,"4":1,"5":1,"6":1,"7":1,"8":1,"9":1,"10":1,"11":1,"12":2,"13":2,"14":0,"15":1,"16":4,"17":4,"18":4,"19":0,"20":1,"21":4,"22":4,"23":4,"24":0,"25":1,"26":4,"27":4,"28":0,"29":0,"30":4,"31":4,"32":4,"33":0,"34":1,"35":4,"36":4,"37":4,"38":3,"39":3,"40":1,"41":0,"42":1,"43":4,"44":4,"45":4,"46":23,"47":1,"48":3,"49":3,"50":0,"51":1,"52":4,"53":4,"54":4,"55":4,"56":3,"57":1,"58":0,"59":1,"60":4,"61":4,"62":4,"63":4,"64":4,"65":3,"66":1,"67":0,"68":1,"69":2,"70":2,"71":2,"72":2,"73":8,"74":1,"75":1,"76":1,"77":0,"78":1,"79":2,"80":2,"81":2,"82":2,"83":1,"84":1,"85":1,"86":0,"87":1},"f":{"0":2,"1":2,"2":0,"3":4,"4":4,"5":0,"6":4,"7":4,"8":0,"9":4,"10":0,"11":4,"12":4,"13":0,"14":4,"15":4,"16":4,"17":4,"18":2,"19":2},"b":{"0":[1,0],"1":[3,1],"2":[3,1],"3":[0,4],"4":[3,1],"5":[3,1],"6":[1,22],"7":[3,1],"8":[3,1],"9":[1,7],"10":[1,1]},"_coverageSchema":"43e27e138ebf9cfc5966b082cf9a028302ed4184","hash":"9b4b55427de741f4661e05d997ce3b12879e60a0"}
,"/Users/jevforsberg/Coding/Turing/mod_4/kouleur/kouleur-api/knexfile.js": {"path":"/Users/jevforsberg/Coding/Turing/mod_4/kouleur/kouleur-api/knexfile.js","statementMap":{"0":{"start":{"line":1,"column":0},"end":{"line":32,"column":2}}},"fnMap":{},"branchMap":{},"s":{"0":1},"f":{},"b":{},"_coverageSchema":"43e27e138ebf9cfc5966b082cf9a028302ed4184","hash":"a94152308c27ad1d334e2e5a3a52065cde657df6"}
,"/Users/jevforsberg/Coding/Turing/mod_4/kouleur/kouleur-api/db/seeds/test/00_projects.js": {"path":"/Users/jevforsberg/Coding/Turing/mod_4/kouleur/kouleur-api/db/seeds/test/00_projects.js","statementMap":{"0":{"start":{"line":1,"column":0},"end":{"line":32,"column":2}},"1":{"start":{"line":2,"column":2},"end":{"line":31,"column":7}},"2":{"start":{"line":3,"column":16},"end":{"line":3,"column":38}},"3":{"start":{"line":5,"column":6},"end":{"line":30,"column":9}},"4":{"start":{"line":9,"column":12},"end":{"line":28,"column":15}}},"fnMap":{"0":{"name":"(anonymous_0)","decl":{"start":{"line":1,"column":15},"end":{"line":1,"column":16}},"loc":{"start":{"line":1,"column":23},"end":{"line":32,"column":1}},"line":1},"1":{"name":"(anonymous_1)","decl":{"start":{"line":3,"column":10},"end":{"line":3,"column":11}},"loc":{"start":{"line":3,"column":16},"end":{"line":3,"column":38}},"line":3},"2":{"name":"(anonymous_2)","decl":{"start":{"line":4,"column":10},"end":{"line":4,"column":11}},"loc":{"start":{"line":4,"column":16},"end":{"line":31,"column":5}},"line":4},"3":{"name":"(anonymous_3)","decl":{"start":{"line":8,"column":16},"end":{"line":8,"column":17}},"loc":{"start":{"line":8,"column":29},"end":{"line":29,"column":11}},"line":8}},"branchMap":{},"s":{"0":1,"1":27,"2":27,"3":27,"4":27},"f":{"0":27,"1":27,"2":27,"3":27},"b":{},"_coverageSchema":"43e27e138ebf9cfc5966b082cf9a028302ed4184","hash":"72c0964ab6be0d41dab3bbaaf5de2d34bb0f09a0"}
,"/Users/jevforsberg/Coding/Turing/mod_4/kouleur/kouleur-api/db/seeds/test/01_projects.js": {"path":"/Users/jevforsberg/Coding/Turing/mod_4/kouleur/kouleur-api/db/seeds/test/01_projects.js","statementMap":{"0":{"start":{"line":1,"column":0},"end":{"line":28,"column":2}},"1":{"start":{"line":2,"column":2},"end":{"line":27,"column":5}},"2":{"start":{"line":6,"column":8},"end":{"line":25,"column":11}}},"fnMap":{"0":{"name":"(anonymous_0)","decl":{"start":{"line":1,"column":15},"end":{"line":1,"column":16}},"loc":{"start":{"line":1,"column":23},"end":{"line":28,"column":1}},"line":1},"1":{"name":"(anonymous_1)","decl":{"start":{"line":5,"column":12},"end":{"line":5,"column":13}},"loc":{"start":{"line":5,"column":25},"end":{"line":26,"column":7}},"line":5}},"branchMap":{},"s":{"0":1,"1":27,"2":27},"f":{"0":27,"1":27},"b":{},"_coverageSchema":"43e27e138ebf9cfc5966b082cf9a028302ed4184","hash":"1aa624f78c9ce00a30ff63adbe55deb2e472c31e"}
}
