TN:
SF:/Users/jevforsberg/Coding/Turing/mod_4/kouleur/kouleur-api/app.js
FN:15,(anonymous_0)
FN:18,(anonymous_1)
FN:19,(anonymous_2)
FN:24,(anonymous_3)
FN:29,(anonymous_4)
FN:34,(anonymous_5)
FN:41,(anonymous_6)
FN:46,(anonymous_7)
FN:53,(anonymous_8)
FN:58,(anonymous_9)
FN:63,(anonymous_10)
FN:66,(anonymous_11)
FN:73,(anonymous_12)
FN:78,(anonymous_13)
FN:83,(anonymous_14)
FN:101,(anonymous_15)
FN:127,(anonymous_16)
FN:143,(anonymous_17)
FN:162,(anonymous_18)
FN:190,(anonymous_19)
FNF:20
FNH:15
FNDA:2,(anonymous_0)
FNDA:2,(anonymous_1)
FNDA:0,(anonymous_2)
FNDA:4,(anonymous_3)
FNDA:4,(anonymous_4)
FNDA:0,(anonymous_5)
FNDA:4,(anonymous_6)
FNDA:4,(anonymous_7)
FNDA:0,(anonymous_8)
FNDA:4,(anonymous_9)
FNDA:0,(anonymous_10)
FNDA:4,(anonymous_11)
FNDA:4,(anonymous_12)
FNDA:0,(anonymous_13)
FNDA:4,(anonymous_14)
FNDA:4,(anonymous_15)
FNDA:4,(anonymous_16)
FNDA:4,(anonymous_17)
FNDA:2,(anonymous_18)
FNDA:2,(anonymous_19)
DA:1,1
DA:2,1
DA:3,1
DA:4,1
DA:5,1
DA:6,1
DA:7,1
DA:9,1
DA:11,1
DA:12,1
DA:13,1
DA:15,1
DA:16,2
DA:18,2
DA:20,0
DA:24,1
DA:25,4
DA:26,4
DA:30,4
DA:35,0
DA:41,1
DA:42,4
DA:43,4
DA:47,4
DA:54,0
DA:58,1
DA:59,4
DA:60,4
DA:61,0
DA:63,0
DA:65,4
DA:67,4
DA:74,4
DA:79,0
DA:83,1
DA:84,4
DA:85,4
DA:86,4
DA:87,3
DA:88,3
DA:90,1
DA:97,0
DA:101,1
DA:102,4
DA:103,4
DA:104,4
DA:113,23
DA:114,1
DA:120,3
DA:121,3
DA:123,0
DA:127,1
DA:128,4
DA:129,4
DA:130,4
DA:133,4
DA:134,3
DA:136,1
DA:139,0
DA:143,1
DA:144,4
DA:145,4
DA:146,4
DA:149,4
DA:152,4
DA:153,3
DA:155,1
DA:158,0
DA:162,1
DA:163,2
DA:164,2
DA:165,2
DA:166,2
DA:174,8
DA:175,1
DA:181,1
DA:184,1
DA:186,0
DA:190,1
DA:191,2
DA:192,2
DA:193,2
DA:194,2
DA:195,1
DA:199,1
DA:202,1
DA:204,0
DA:208,1
LF:88
LH:76
BRDA:3,0,0,1
BRDA:3,0,1,0
BRDA:30,1,0,3
BRDA:30,1,1,1
BRDA:47,2,0,3
BRDA:47,2,1,1
BRDA:60,3,0,0
BRDA:60,3,1,4
BRDA:74,4,0,3
BRDA:74,4,1,1
BRDA:86,5,0,3
BRDA:86,5,1,1
BRDA:113,6,0,1
BRDA:113,6,1,22
BRDA:133,7,0,3
BRDA:133,7,1,1
BRDA:152,8,0,3
BRDA:152,8,1,1
BRDA:174,9,0,1
BRDA:174,9,1,7
BRDA:194,10,0,1
BRDA:194,10,1,1
BRF:22
BRH:20
end_of_record
TN:
SF:/Users/jevforsberg/Coding/Turing/mod_4/kouleur/kouleur-api/knexfile.js
FNF:0
FNH:0
DA:1,1
LF:1
LH:1
BRF:0
BRH:0
end_of_record
TN:
SF:/Users/jevforsberg/Coding/Turing/mod_4/kouleur/kouleur-api/db/seeds/test/00_projects.js
FN:1,(anonymous_0)
FN:3,(anonymous_1)
FN:4,(anonymous_2)
FN:8,(anonymous_3)
FNF:4
FNH:4
FNDA:27,(anonymous_0)
FNDA:27,(anonymous_1)
FNDA:27,(anonymous_2)
FNDA:27,(anonymous_3)
DA:1,1
DA:2,27
DA:3,27
DA:5,27
DA:9,27
LF:5
LH:5
BRF:0
BRH:0
end_of_record
TN:
SF:/Users/jevforsberg/Coding/Turing/mod_4/kouleur/kouleur-api/db/seeds/test/01_projects.js
FN:1,(anonymous_0)
FN:5,(anonymous_1)
FNF:2
FNH:2
FNDA:27,(anonymous_0)
FNDA:27,(anonymous_1)
DA:1,1
DA:2,27
DA:6,27
LF:3
LH:3
BRF:0
BRH:0
end_of_record
